   1               		.file	"arduino_clock.c"
   2               	__SREG__ = 0x3f
   3               	__SP_H__ = 0x3e
   4               	__SP_L__ = 0x3d
   5               	__CCP__  = 0x34
   6               	__tmp_reg__ = 0
   7               	__zero_reg__ = 1
   8               		.global __do_copy_data
   9               		.global __do_clear_bss
  19               	.Ltext0:
 1187               	.global	hal_clock_init
 1189               	hal_clock_init:
 1190               	.LFB45:
 1191               	.LM1:
 1192               	/* prologue: function */
 1193               	/* frame size = 0 */
 1194               	.LM2:
 1195 0000 1092 0000 		sts _hal_clock,__zero_reg__
 1196               	.LM3:
 1197 0004 80E0      		ldi r24,lo8(16000000)
 1198 0006 94E2      		ldi r25,hi8(16000000)
 1199 0008 A4EF      		ldi r26,hlo8(16000000)
 1200 000a B0E0      		ldi r27,hhi8(16000000)
 1201 000c 8093 0000 		sts _hal_clock+1,r24
 1202 0010 9093 0000 		sts (_hal_clock+1)+1,r25
 1203 0014 A093 0000 		sts (_hal_clock+1)+2,r26
 1204 0018 B093 0000 		sts (_hal_clock+1)+3,r27
 1205               	/* epilogue start */
 1206               	.LM4:
 1207 001c 0895      		ret
 1208               	.LFE45:
 1210               	.global	hal_clock_setFrequency
 1212               	hal_clock_setFrequency:
 1213               	.LFB46:
 1214               	.LM5:
 1215               	.LVL0:
 1216               	/* prologue: function */
 1217               	/* frame size = 0 */
 1218               	.LM6:
 1219 001e 80E0      		ldi r24,lo8(0)
 1220               	.LVL1:
 1221               	/* epilogue start */
 1222 0020 0895      		ret
 1223               	.LFE46:
 1225               	.global	hal_clock_getFreqEnum
 1227               	hal_clock_getFreqEnum:
 1228               	.LFB47:
 1229               	.LM7:
 1230               	.LVL2:
 1231               	/* prologue: function */
 1232               	/* frame size = 0 */
 1233               	.LM8:
 1234 0022 80E0      		ldi r24,lo8(0)
 1235               	/* epilogue start */
 1236 0024 0895      		ret
 1237               	.LFE47:
 1239               	.global	hal_clock_getFreqValue
 1241               	hal_clock_getFreqValue:
 1242               	.LFB48:
 1243               	.LM9:
 1244               	.LVL3:
 1245               	/* prologue: function */
 1246               	/* frame size = 0 */
 1247               	.LM10:
 1248 0026 8823      		tst r24
 1249 0028 01F0      		breq .L9
 1250 002a 20E0      		ldi r18,lo8(0)
 1251 002c 30E0      		ldi r19,hi8(0)
 1252 002e 40E0      		ldi r20,hlo8(0)
 1253 0030 50E0      		ldi r21,hhi8(0)
 1254 0032 00C0      		rjmp .L10
 1255               	.L9:
 1256 0034 20E0      		ldi r18,lo8(16000000)
 1257 0036 34E2      		ldi r19,hi8(16000000)
 1258 0038 44EF      		ldi r20,hlo8(16000000)
 1259 003a 50E0      		ldi r21,hhi8(16000000)
 1260               	.L10:
 1261               	.LM11:
 1262 003c B901      		movw r22,r18
 1263 003e CA01      		movw r24,r20
 1264               	.LVL4:
 1265               	/* epilogue start */
 1266 0040 0895      		ret
 1267               	.LFE48:
 1269               		.comm _hal_clock,7,1
 1318               	.Letext0:
DEFINED SYMBOLS
                            *ABS*:00000000 arduino_clock.c
C:\Users\mribeiro\AppData\Local\Temp/ccX3k711.s:2      *ABS*:0000003f __SREG__
C:\Users\mribeiro\AppData\Local\Temp/ccX3k711.s:3      *ABS*:0000003e __SP_H__
C:\Users\mribeiro\AppData\Local\Temp/ccX3k711.s:4      *ABS*:0000003d __SP_L__
C:\Users\mribeiro\AppData\Local\Temp/ccX3k711.s:5      *ABS*:00000034 __CCP__
C:\Users\mribeiro\AppData\Local\Temp/ccX3k711.s:6      *ABS*:00000000 __tmp_reg__
C:\Users\mribeiro\AppData\Local\Temp/ccX3k711.s:7      *ABS*:00000001 __zero_reg__
C:\Users\mribeiro\AppData\Local\Temp/ccX3k711.s:1189   .text:00000000 hal_clock_init
                            *COM*:00000007 _hal_clock
C:\Users\mribeiro\AppData\Local\Temp/ccX3k711.s:1212   .text:0000001e hal_clock_setFrequency
C:\Users\mribeiro\AppData\Local\Temp/ccX3k711.s:1227   .text:00000022 hal_clock_getFreqEnum
C:\Users\mribeiro\AppData\Local\Temp/ccX3k711.s:1241   .text:00000026 hal_clock_getFreqValue

UNDEFINED SYMBOLS
__do_copy_data
__do_clear_bss
