   1               		.file	"arduino_i2c.c"
   2               	__SREG__ = 0x3f
   3               	__SP_H__ = 0x3e
   4               	__SP_L__ = 0x3d
   5               	__CCP__  = 0x34
   6               	__tmp_reg__ = 0
   7               	__zero_reg__ = 1
   8               		.global __do_copy_data
   9               		.global __do_clear_bss
  19               	.Ltext0:
 1183               	.global	hal_i2c_init
 1185               	hal_i2c_init:
 1186               	.LFB45:
 1187               	.LM1:
 1188               	/* prologue: function */
 1189               	/* frame size = 0 */
 1190               	/* epilogue start */
 1191               	.LM2:
 1192 0000 0895      		ret
 1193               	.LFE45:
 1219               	.Letext0:
DEFINED SYMBOLS
                            *ABS*:00000000 arduino_i2c.c
C:\Users\mribeiro\AppData\Local\Temp/cckfSTvb.s:2      *ABS*:0000003f __SREG__
C:\Users\mribeiro\AppData\Local\Temp/cckfSTvb.s:3      *ABS*:0000003e __SP_H__
C:\Users\mribeiro\AppData\Local\Temp/cckfSTvb.s:4      *ABS*:0000003d __SP_L__
C:\Users\mribeiro\AppData\Local\Temp/cckfSTvb.s:5      *ABS*:00000034 __CCP__
C:\Users\mribeiro\AppData\Local\Temp/cckfSTvb.s:6      *ABS*:00000000 __tmp_reg__
C:\Users\mribeiro\AppData\Local\Temp/cckfSTvb.s:7      *ABS*:00000001 __zero_reg__
C:\Users\mribeiro\AppData\Local\Temp/cckfSTvb.s:1185   .text:00000000 hal_i2c_init

UNDEFINED SYMBOLS
__do_copy_data
__do_clear_bss
