   1               		.file	"qk_device.c"
   2               	__SREG__ = 0x3f
   3               	__SP_H__ = 0x3e
   4               	__SP_L__ = 0x3d
   5               	__CCP__  = 0x34
   6               	__tmp_reg__ = 0
   7               	__zero_reg__ = 1
   8               		.global __do_copy_data
   9               		.global __do_clear_bss
  19               	.Ltext0:
 1183               	.global	_qk_device_setup
 1185               	_qk_device_setup:
 1186               	.LFB46:
 1187               	.LM1:
 1188 0000 CF93      		push r28
 1189 0002 DF93      		push r29
 1190               	/* prologue: function */
 1191               	/* frame size = 0 */
 1192               	.LM2:
 1193 0004 C091 0000 		lds r28,_qk_device
 1194 0008 D091 0000 		lds r29,(_qk_device)+1
 1195 000c 20E0      		ldi r18,lo8(0)
 1196 000e 30E0      		ldi r19,hi8(0)
 1197 0010 40E0      		ldi r20,hlo8(0)
 1198 0012 50E0      		ldi r21,hhi8(0)
 1199               	.LVL0:
 1200 0014 60E0      		ldi r22,lo8(0)
 1201 0016 70E0      		ldi r23,hi8(0)
 1202 0018 00C0      		rjmp .L2
 1203               	.LVL1:
 1204               	.L3:
 1205               	.LM3:
 1206 001a EC89      		ldd r30,Y+20
 1207 001c FD89      		ldd r31,Y+21
 1208 001e E60F      		add r30,r22
 1209 0020 F71F      		adc r31,r23
 1210               	.LM4:
 1211 0022 2083      		st Z,r18
 1212               	.LM5:
 1213 0024 1182      		std Z+1,__zero_reg__
 1214               	.LM6:
 1215 0026 13A2      		std Z+35,__zero_reg__
 1216 0028 12A2      		std Z+34,__zero_reg__
 1217               	.LM7:
 1218 002a 2F5F      		subi r18,lo8(-(1))
 1219 002c 3F4F      		sbci r19,hi8(-(1))
 1220 002e 4F4F      		sbci r20,hlo8(-(1))
 1221 0030 5F4F      		sbci r21,hhi8(-(1))
 1222 0032 685C      		subi r22,lo8(-(56))
 1223 0034 7F4F      		sbci r23,hi8(-(56))
 1224               	.L2:
 1225 0036 8885      		ldd r24,Y+8
 1226 0038 9985      		ldd r25,Y+9
 1227 003a AA85      		ldd r26,Y+10
 1228 003c BB85      		ldd r27,Y+11
 1229 003e 2817      		cp r18,r24
 1230 0040 3907      		cpc r19,r25
 1231 0042 4A07      		cpc r20,r26
 1232 0044 5B07      		cpc r21,r27
 1233 0046 00F0      		brlo .L3
 1234               	/* epilogue start */
 1235               	.LM8:
 1236 0048 DF91      		pop r29
 1237 004a CF91      		pop r28
 1238 004c 0895      		ret
 1239               	.LFE46:
 1241               	.global	qk_fireEvent
 1243               	qk_fireEvent:
 1244               	.LFB49:
 1245               	.LM9:
 1246               	.LVL2:
 1247 004e CF92      		push r12
 1248 0050 DF92      		push r13
 1249 0052 EF92      		push r14
 1250 0054 FF92      		push r15
 1251 0056 0F93      		push r16
 1252 0058 1F93      		push r17
 1253 005a CF93      		push r28
 1254 005c DF93      		push r29
 1255               	/* prologue: function */
 1256               	/* frame size = 0 */
 1257 005e 182F      		mov r17,r24
 1258 0060 6B01      		movw r12,r22
 1259 0062 642F      		mov r22,r20
 1260               	.LVL3:
 1261 0064 7901      		movw r14,r18
 1262               	.LM10:
 1263 0066 E091 0000 		lds r30,_qk_device
 1264 006a F091 0000 		lds r31,(_qk_device)+1
 1265 006e 282F      		mov r18,r24
 1266               	.LVL4:
 1267 0070 30E0      		ldi r19,lo8(0)
 1268               	.LVL5:
 1269 0072 40E0      		ldi r20,lo8(0)
 1270 0074 50E0      		ldi r21,hi8(0)
 1271               	.LVL6:
 1272 0076 8085      		ldd r24,Z+8
 1273 0078 9185      		ldd r25,Z+9
 1274 007a A285      		ldd r26,Z+10
 1275 007c B385      		ldd r27,Z+11
 1276               	.LVL7:
 1277 007e 8217      		cp r24,r18
 1278 0080 9307      		cpc r25,r19
 1279 0082 A407      		cpc r26,r20
 1280 0084 B507      		cpc r27,r21
 1281 0086 00F0      		brlo .L6
 1282               	.LM11:
 1283 0088 88E3      		ldi r24,lo8(56)
 1284 008a 189F      		mul r17,r24
 1285 008c C001      		movw r24,r0
 1286 008e 1124      		clr r1
 1287 0090 0489      		ldd r16,Z+20
 1288 0092 1589      		ldd r17,Z+21
 1289               	.LVL8:
 1290 0094 080F      		add r16,r24
 1291 0096 191F      		adc r17,r25
 1292 0098 462F      		mov r20,r22
 1293               	.LVL9:
 1294 009a 6930      		cpi r22,lo8(9)
 1295 009c 00F0      		brlo .L7
 1296               	.LVL10:
 1297 009e 48E0      		ldi r20,lo8(8)
 1298               	.LVL11:
 1299               	.L7:
 1300               	.LM12:
 1301 00a0 F801      		movw r30,r16
 1302 00a2 4183      		std Z+1,r20
 1303 00a4 E801      		movw r28,r16
 1304 00a6 20E0      		ldi r18,lo8(0)
 1305 00a8 30E0      		ldi r19,hi8(0)
 1306               	.LM13:
 1307 00aa 50E0      		ldi r21,lo8(0)
 1308 00ac 440F      		lsl r20
 1309 00ae 551F      		rol r21
 1310 00b0 440F      		lsl r20
 1311 00b2 551F      		rol r21
 1312               	.LVL12:
 1313 00b4 00C0      		rjmp .L8
 1314               	.L9:
 1315               	.LM14:
 1316 00b6 F601      		movw r30,r12
 1317 00b8 E20F      		add r30,r18
 1318 00ba F31F      		adc r31,r19
 1319 00bc 8081      		ld r24,Z
 1320 00be 9181      		ldd r25,Z+1
 1321 00c0 A281      		ldd r26,Z+2
 1322 00c2 B381      		ldd r27,Z+3
 1323 00c4 8A83      		std Y+2,r24
 1324 00c6 9B83      		std Y+3,r25
 1325 00c8 AC83      		std Y+4,r26
 1326 00ca BD83      		std Y+5,r27
 1327 00cc 2C5F      		subi r18,lo8(-(4))
 1328 00ce 3F4F      		sbci r19,hi8(-(4))
 1329 00d0 2496      		adiw r28,4
 1330               	.L8:
 1331               	.LM15:
 1332 00d2 2417      		cp r18,r20
 1333 00d4 3507      		cpc r19,r21
 1334 00d6 01F4      		brne .L9
 1335               	.LM16:
 1336 00d8 F801      		movw r30,r16
 1337 00da F3A2      		std Z+35,r15
 1338 00dc E2A2      		std Z+34,r14
 1339               	.LM17:
 1340 00de 80E0      		ldi r24,lo8(_pendingEvents)
 1341 00e0 90E0      		ldi r25,hi8(_pendingEvents)
 1342 00e2 0E94 0000 		call qk_cb_isFull
 1343               	.LVL13:
 1344 00e6 8823      		tst r24
 1345 00e8 01F4      		brne .L6
 1346               	.LM18:
 1347 00ea 80E0      		ldi r24,lo8(_pendingEvents)
 1348 00ec 90E0      		ldi r25,hi8(_pendingEvents)
 1349 00ee B801      		movw r22,r16
 1350 00f0 0E94 0000 		call qk_cb_write
 1351 00f4 81E0      		ldi r24,lo8(1)
 1352 00f6 00C0      		rjmp .L10
 1353               	.LVL14:
 1354               	.L6:
 1355               	.LM19:
 1356 00f8 80E0      		ldi r24,lo8(0)
 1357               	.L10:
 1358               	/* epilogue start */
 1359               	.LM20:
 1360 00fa DF91      		pop r29
 1361 00fc CF91      		pop r28
 1362 00fe 1F91      		pop r17
 1363               	.LVL15:
 1364 0100 0F91      		pop r16
 1365               	.LVL16:
 1366 0102 FF90      		pop r15
 1367 0104 EF90      		pop r14
 1368               	.LVL17:
 1369 0106 DF90      		pop r13
 1370 0108 CF90      		pop r12
 1371               	.LVL18:
 1372 010a 0895      		ret
 1373               	.LFE49:
 1375               	.global	qk_stopSampling
 1377               	qk_stopSampling:
 1378               	.LFB48:
 1379               	.LM21:
 1380               	/* prologue: function */
 1381               	/* frame size = 0 */
 1382               	.LM22:
 1383 010c 85E0      		ldi r24,lo8(5)
 1384 010e 0E94 0000 		call _qk_requestStateChange
 1385               	/* epilogue start */
 1386               	.LM23:
 1387 0112 0895      		ret
 1388               	.LFE48:
 1390               	.global	qk_startSampling
 1392               	qk_startSampling:
 1393               	.LFB47:
 1394               	.LM24:
 1395               	/* prologue: function */
 1396               	/* frame size = 0 */
 1397               	.LM25:
 1398 0114 82E0      		ldi r24,lo8(2)
 1399 0116 0E94 0000 		call _qk_requestStateChange
 1400               	/* epilogue start */
 1401               	.LM26:
 1402 011a 0895      		ret
 1403               	.LFE47:
 1405               	.global	_qk_device_init
 1407               	_qk_device_init:
 1408               	.LFB45:
 1409               	.LM27:
 1410 011c CF92      		push r12
 1411 011e EF92      		push r14
 1412 0120 FF92      		push r15
 1413 0122 0F93      		push r16
 1414 0124 1F93      		push r17
 1415               	/* prologue: function */
 1416               	/* frame size = 0 */
 1417               	.LM28:
 1418 0126 E091 0000 		lds r30,_qk_device
 1419 012a F091 0000 		lds r31,_qk_device+1
 1420 012e 8EE1      		ldi r24,lo8(30)
 1421 0130 DF01      		movw r26,r30
 1422 0132 1D92      		st X+,__zero_reg__
 1423 0134 8A95      	        dec r24
 1424 0136 01F4      		brne .-6
 1425               	.LM29:
 1426 0138 E091 0000 		lds r30,_qk_device
 1427 013c F091 0000 		lds r31,(_qk_device)+1
 1428 0140 118A      		std Z+17,__zero_reg__
 1429               	.LM30:
 1430 0142 80E1      		ldi r24,lo8(16)
 1431 0144 808B      		std Z+16,r24
 1432               	.LM31:
 1433 0146 80E0      		ldi r24,lo8(_pendingEvents)
 1434 0148 90E0      		ldi r25,hi8(_pendingEvents)
 1435 014a 60E0      		ldi r22,lo8(peBuf)
 1436 014c 70E0      		ldi r23,hi8(peBuf)
 1437 014e 20E1      		ldi r18,lo8(16)
 1438 0150 30E0      		ldi r19,hi8(16)
 1439 0152 40E0      		ldi r20,hlo8(16)
 1440 0154 50E0      		ldi r21,hhi8(16)
 1441 0156 E8E3      		ldi r30,lo8(56)
 1442 0158 EE2E      		mov r14,r30
 1443 015a F12C      		mov r15,__zero_reg__
 1444 015c 012D      		mov r16,__zero_reg__
 1445 015e 112D      		mov r17,__zero_reg__
 1446 0160 CC24      		clr r12
 1447 0162 0E94 0000 		call qk_cb_init
 1448               	/* epilogue start */
 1449               	.LM32:
 1450 0166 1F91      		pop r17
 1451 0168 0F91      		pop r16
 1452 016a FF90      		pop r15
 1453 016c EF90      		pop r14
 1454 016e CF90      		pop r12
 1455 0170 0895      		ret
 1456               	.LFE45:
 1458               		.comm _pendingEvents,21,1
 1459               		.comm peBuf,896,1
 1516               	.Letext0:
DEFINED SYMBOLS
                            *ABS*:00000000 qk_device.c
C:\Users\mribeiro\AppData\Local\Temp/ccPLxRJa.s:2      *ABS*:0000003f __SREG__
C:\Users\mribeiro\AppData\Local\Temp/ccPLxRJa.s:3      *ABS*:0000003e __SP_H__
C:\Users\mribeiro\AppData\Local\Temp/ccPLxRJa.s:4      *ABS*:0000003d __SP_L__
C:\Users\mribeiro\AppData\Local\Temp/ccPLxRJa.s:5      *ABS*:00000034 __CCP__
C:\Users\mribeiro\AppData\Local\Temp/ccPLxRJa.s:6      *ABS*:00000000 __tmp_reg__
C:\Users\mribeiro\AppData\Local\Temp/ccPLxRJa.s:7      *ABS*:00000001 __zero_reg__
C:\Users\mribeiro\AppData\Local\Temp/ccPLxRJa.s:1185   .text:00000000 _qk_device_setup
C:\Users\mribeiro\AppData\Local\Temp/ccPLxRJa.s:1243   .text:0000004e qk_fireEvent
                            *COM*:00000015 _pendingEvents
C:\Users\mribeiro\AppData\Local\Temp/ccPLxRJa.s:1377   .text:0000010c qk_stopSampling
C:\Users\mribeiro\AppData\Local\Temp/ccPLxRJa.s:1392   .text:00000114 qk_startSampling
C:\Users\mribeiro\AppData\Local\Temp/ccPLxRJa.s:1407   .text:0000011c _qk_device_init
                            *COM*:00000380 peBuf

UNDEFINED SYMBOLS
__do_copy_data
__do_clear_bss
_qk_device
qk_cb_isFull
qk_cb_write
_qk_requestStateChange
qk_cb_init
